20:32:30.428 [main] INFO  testCases.TC_AccountRegistrationTest - ***** Starting TC_AccountRegistrationTest *********
20:32:30.748 [main] INFO  testCases.TC_AccountRegistrationTest - Clicked on MyAccount link ........
20:32:31.627 [main] INFO  testCases.TC_AccountRegistrationTest - Clicked on Register link .......
20:32:31.630 [main] INFO  testCases.TC_AccountRegistrationTest - Providing customer detail .....
20:32:33.735 [main] INFO  testCases.TC_AccountRegistrationTest - Validating expected message
20:32:33.836 [main] INFO  testCases.TC_AccountRegistrationTest - Logs are Finished..... 
21:03:44.088 [main] INFO  testCases.TC_AccountRegistrationTest - ***** Starting TC_AccountRegistrationTest *********
21:03:44.503 [main] INFO  testCases.TC_AccountRegistrationTest - Clicked on MyAccount link ........
21:03:45.285 [main] INFO  testCases.TC_AccountRegistrationTest - Clicked on Register link .......
21:03:45.288 [main] INFO  testCases.TC_AccountRegistrationTest - Providing customer detail .....
21:03:47.611 [main] INFO  testCases.TC_AccountRegistrationTest - Validating expected message
21:03:47.682 [main] INFO  testCases.TC_AccountRegistrationTest - Logs are Finished..... 
21:43:10.574 [main] INFO  testCases.TC_AccountRegistrationTest - ***** Starting TC_AccountRegistrationTest *********
21:43:11.683 [main] INFO  testCases.TC_AccountRegistrationTest - Clicked on MyAccount link ........
21:43:12.292 [main] INFO  testCases.TC_AccountRegistrationTest - Clicked on Register link .......
21:43:12.295 [main] INFO  testCases.TC_AccountRegistrationTest - Providing customer detail .....
21:43:14.466 [main] INFO  testCases.TC_AccountRegistrationTest - Validating expected message
21:43:14.573 [main] INFO  testCases.TC_AccountRegistrationTest - Logs are Finished..... 
22:16:41.029 [TestNG-tests-1] INFO  testCases.TC_AccountRegistrationTest - ***** Starting TC_AccountRegistrationTest *********
22:16:41.724 [TestNG-tests-1] INFO  testCases.TC_AccountRegistrationTest - Clicked on MyAccount link ........
22:16:42.956 [TestNG-tests-1] INFO  testCases.TC_AccountRegistrationTest - Clicked on Register link .......
22:16:42.966 [TestNG-tests-1] INFO  testCases.TC_AccountRegistrationTest - Providing customer detail .....
22:16:46.696 [TestNG-tests-1] INFO  testCases.TC_AccountRegistrationTest - Validating expected message
22:16:47.326 [TestNG-tests-1] INFO  testCases.TC_AccountRegistrationTest - Logs are Finished..... 
22:16:52.184 [TestNG-tests-2] INFO  testCases.TC_AccountRegistrationTest - ***** Starting TC_AccountRegistrationTest *********
22:16:53.780 [TestNG-tests-2] INFO  testCases.TC_AccountRegistrationTest - Clicked on MyAccount link ........
22:16:56.559 [TestNG-tests-2] INFO  testCases.TC_AccountRegistrationTest - Clicked on Register link .......
22:16:56.562 [TestNG-tests-2] INFO  testCases.TC_AccountRegistrationTest - Providing customer detail .....
22:17:01.739 [TestNG-tests-2] INFO  testCases.TC_AccountRegistrationTest - Validating expected message
22:17:01.829 [TestNG-tests-2] INFO  testCases.TC_AccountRegistrationTest - Logs are Finished..... 
22:19:15.065 [TestNG-tests-1] INFO  testCases.TC_AccountRegistrationTest - ***** Starting TC_AccountRegistrationTest *********
22:19:15.518 [TestNG-tests-1] INFO  testCases.TC_AccountRegistrationTest - Clicked on MyAccount link ........
22:19:16.968 [TestNG-tests-1] INFO  testCases.TC_AccountRegistrationTest - Clicked on Register link .......
22:19:16.974 [TestNG-tests-1] INFO  testCases.TC_AccountRegistrationTest - Providing customer detail .....
22:19:17.974 [TestNG-tests-2] INFO  testCases.TC_AccountRegistrationTest - ***** Starting TC_AccountRegistrationTest *********
22:19:19.125 [TestNG-tests-2] INFO  testCases.TC_AccountRegistrationTest - Clicked on MyAccount link ........
22:19:21.617 [TestNG-tests-1] INFO  testCases.TC_AccountRegistrationTest - Validating expected message
22:19:21.793 [TestNG-tests-1] INFO  testCases.TC_AccountRegistrationTest - Logs are Finished..... 
22:19:22.058 [TestNG-tests-3] INFO  testCases.TC_AccountRegistrationTest - ***** Starting TC_AccountRegistrationTest *********
22:19:22.383 [TestNG-tests-2] INFO  testCases.TC_AccountRegistrationTest - Clicked on Register link .......
22:19:22.386 [TestNG-tests-2] INFO  testCases.TC_AccountRegistrationTest - Providing customer detail .....
22:19:22.483 [TestNG-tests-3] INFO  testCases.TC_AccountRegistrationTest - Clicked on MyAccount link ........
22:19:23.628 [TestNG-tests-3] INFO  testCases.TC_AccountRegistrationTest - Clicked on Register link .......
22:19:23.630 [TestNG-tests-3] INFO  testCases.TC_AccountRegistrationTest - Providing customer detail .....
22:19:25.653 [TestNG-tests-3] INFO  testCases.TC_AccountRegistrationTest - Validating expected message
22:19:25.722 [TestNG-tests-3] INFO  testCases.TC_AccountRegistrationTest - Logs are Finished..... 
22:19:26.131 [TestNG-tests-2] INFO  testCases.TC_AccountRegistrationTest - Validating expected message
22:19:26.216 [TestNG-tests-2] INFO  testCases.TC_AccountRegistrationTest - Logs are Finished..... 
16:49:46.098 [main] WARN  org.testng.xml.TestNGContentHandler - It is strongly recommended to add "<!DOCTYPE suite SYSTEM "https://testng.org/testng-1.1.dtd" >" at the top of the suite file [C:\Users\Gowtham\eclipse-workspace\OpenkartV121\testng.xml] otherwise TestNG may fail or not work as expected.
16:49:47.033 [main] INFO  org.testng.internal.Utils - [TestNG] Running:
  C:\Users\Gowtham\eclipse-workspace\OpenkartV121\testng.xml

16:49:57.417 [main] INFO  testCases.TC002_LoginTest - ******* Started TC002_LoginTest ***** 
16:50:00.951 [main] INFO  testCases.TC002_LoginTest - ******* Finished TC002_LoginTest ***** 
16:52:11.937 [main] WARN  org.testng.xml.TestNGContentHandler - It is strongly recommended to add "<!DOCTYPE suite SYSTEM "https://testng.org/testng-1.1.dtd" >" at the top of the suite file [C:\Users\Gowtham\eclipse-workspace\OpenkartV121\testng.xml] otherwise TestNG may fail or not work as expected.
16:52:12.915 [main] INFO  org.testng.internal.Utils - [TestNG] Running:
  C:\Users\Gowtham\eclipse-workspace\OpenkartV121\testng.xml

16:52:20.588 [main] INFO  testCases.TC_AccountRegistrationTest - ***** Starting TC_AccountRegistrationTest *********
16:52:21.638 [main] INFO  testCases.TC_AccountRegistrationTest - Clicked on MyAccount link ........
16:52:22.538 [main] INFO  testCases.TC_AccountRegistrationTest - Clicked on Register link .......
16:52:22.547 [main] INFO  testCases.TC_AccountRegistrationTest - Providing customer detail .....
16:52:24.915 [main] INFO  testCases.TC_AccountRegistrationTest - Validating expected message
16:52:25.013 [main] INFO  testCases.TC_AccountRegistrationTest - Logs are Finished..... 
16:52:30.127 [main] INFO  testCases.TC002_LoginTest - ******* Started TC002_LoginTest ***** 
16:52:33.215 [main] INFO  testCases.TC002_LoginTest - ******* Finished TC002_LoginTest ***** 
22:48:35.173 [main] WARN  org.testng.xml.TestNGContentHandler - It is strongly recommended to add "<!DOCTYPE suite SYSTEM "https://testng.org/testng-1.1.dtd" >" at the top of the suite file [C:\Users\Gowtham\eclipse-workspace\OpenkartV121\testng.xml] otherwise TestNG may fail or not work as expected.
22:48:36.402 [main] INFO  org.testng.internal.Utils - [TestNG] Running:
  C:\Users\Gowtham\eclipse-workspace\OpenkartV121\testng.xml

22:48:49.285 [main] INFO  testCases.TC003_LoginDDT - ******* Started TC003_LoginDDT ***** 
22:48:52.329 [main] INFO  testCases.TC003_LoginDDT - ******* Finished TC003_LoginDDT ***** 
22:48:52.344 [main] INFO  testCases.TC003_LoginDDT - ******* Started TC003_LoginDDT ***** 
22:49:04.103 [main] INFO  testCases.TC003_LoginDDT - ******* Finished TC003_LoginDDT ***** 
22:49:04.112 [main] INFO  testCases.TC003_LoginDDT - ******* Started TC003_LoginDDT ***** 
22:49:16.022 [main] INFO  testCases.TC003_LoginDDT - ******* Finished TC003_LoginDDT ***** 
22:49:16.032 [main] INFO  testCases.TC003_LoginDDT - ******* Started TC003_LoginDDT ***** 
22:49:27.740 [main] INFO  testCases.TC003_LoginDDT - ******* Finished TC003_LoginDDT ***** 
22:49:27.767 [main] INFO  testCases.TC003_LoginDDT - ******* Started TC003_LoginDDT ***** 
22:49:39.596 [main] INFO  testCases.TC003_LoginDDT - ******* Finished TC003_LoginDDT ***** 
22:53:32.117 [main] WARN  org.testng.xml.TestNGContentHandler - It is strongly recommended to add "<!DOCTYPE suite SYSTEM "https://testng.org/testng-1.1.dtd" >" at the top of the suite file [C:\Users\Gowtham\eclipse-workspace\OpenkartV121\testng.xml] otherwise TestNG may fail or not work as expected.
22:53:33.220 [main] INFO  org.testng.internal.Utils - [TestNG] Running:
  C:\Users\Gowtham\eclipse-workspace\OpenkartV121\testng.xml

22:53:42.409 [main] INFO  testCases.TC003_LoginDDT - ******* Started TC003_LoginDDT ***** 
22:53:45.523 [main] INFO  testCases.TC003_LoginDDT - ******* Finished TC003_LoginDDT ***** 
22:53:45.537 [main] INFO  testCases.TC003_LoginDDT - ******* Started TC003_LoginDDT ***** 
22:53:57.318 [main] INFO  testCases.TC003_LoginDDT - ******* Finished TC003_LoginDDT ***** 
22:53:57.328 [main] INFO  testCases.TC003_LoginDDT - ******* Started TC003_LoginDDT ***** 
22:54:08.377 [main] INFO  testCases.TC003_LoginDDT - ******* Finished TC003_LoginDDT ***** 
22:54:08.394 [main] INFO  testCases.TC003_LoginDDT - ******* Started TC003_LoginDDT ***** 
22:54:20.100 [main] INFO  testCases.TC003_LoginDDT - ******* Finished TC003_LoginDDT ***** 
22:54:20.109 [main] INFO  testCases.TC003_LoginDDT - ******* Started TC003_LoginDDT ***** 
22:54:31.556 [main] INFO  testCases.TC003_LoginDDT - ******* Finished TC003_LoginDDT ***** 
11:28:38.971 [main] DEBUG org.testng.TestNG - suiteXmlPath: "C:\Users\Gowtham\AppData\Local\Temp\testng-eclipse-1859466886\testng-customsuite.xml"
11:28:39.760 [main] INFO  org.testng.internal.Utils - [Utils] MethodGroupsHelper.collectMethodsByGroup() took 1 ms.
11:28:39.766 [main] INFO  org.testng.internal.Utils - [Utils] MethodGroupsHelper.sortMethods() took 2 ms.
11:28:39.770 [main] INFO  org.testng.internal.Utils - [Utils] MethodGroupsHelper.collectMethodsByGroup() took 0 ms.
11:28:39.770 [main] INFO  org.testng.internal.Utils - [Utils] MethodGroupsHelper.sortMethods() took 0 ms.
11:28:39.771 [main] INFO  org.testng.internal.Utils - [Utils] MethodGroupsHelper.collectMethodsByGroup() took 0 ms.
11:28:39.771 [main] INFO  org.testng.internal.Utils - [Utils] MethodGroupsHelper.sortMethods() took 0 ms.
11:28:39.773 [main] INFO  org.testng.internal.Utils - [Utils] MethodGroupsHelper.collectMethodsByGroup() took 0 ms.
11:28:39.773 [main] INFO  org.testng.internal.Utils - [Utils] MethodGroupsHelper.sortMethods() took 0 ms.
11:28:39.785 [main] INFO  org.testng.internal.Utils - [Utils] MethodGroupsHelper.collectMethodsByGroup() took 7 ms.
11:28:39.818 [main] INFO  org.testng.internal.Utils - [Utils] MethodGroupsHelper.sortMethods() took 31 ms.
11:28:39.821 [main] INFO  org.testng.internal.Utils - [Utils] MethodGroupsHelper.collectMethodsByGroup() took 0 ms.
11:28:39.822 [main] INFO  org.testng.internal.Utils - [Utils] MethodGroupsHelper.sortMethods() took 0 ms.
11:28:39.825 [main] INFO  org.testng.internal.Utils - [Utils] MethodGroupsHelper.collectMethodsByGroup() took 0 ms.
11:28:39.825 [main] INFO  org.testng.internal.Utils - [Utils] MethodGroupsHelper.sortMethods() took 0 ms.
11:28:39.826 [main] INFO  org.testng.internal.Utils - [Utils] MethodGroupsHelper.collectMethodsByGroup() took 0 ms.
11:28:39.826 [main] INFO  org.testng.internal.Utils - [Utils] MethodGroupsHelper.sortMethods() took 0 ms.
11:28:39.831 [main] INFO  org.testng.internal.Utils - [Utils] MethodGroupsHelper.collectMethodsByGroup() took 0 ms.
11:28:39.831 [main] INFO  org.testng.internal.Utils - [Utils] MethodGroupsHelper.sortMethods() took 0 ms.
11:28:39.832 [main] INFO  org.testng.internal.Utils - [Utils] MethodGroupsHelper.collectMethodsByGroup() took 0 ms.
11:28:39.832 [main] INFO  org.testng.internal.Utils - [Utils] MethodGroupsHelper.sortMethods() took 0 ms.
11:28:39.839 [main] INFO  org.testng.internal.Utils - [Utils] MethodGroupsHelper.collectMethodsByGroup() took 0 ms.
11:28:39.839 [main] INFO  org.testng.internal.Utils - [Utils] MethodGroupsHelper.sortMethods() took 0 ms.
11:28:39.839 [main] INFO  org.testng.internal.Utils - [Utils] MethodGroupsHelper.collectMethodsByGroup() took 0 ms.
11:28:39.839 [main] INFO  org.testng.internal.Utils - [Utils] MethodGroupsHelper.sortMethods() took 0 ms.
11:28:39.842 [main] INFO  org.testng.internal.Utils - [Utils] MethodGroupsHelper.collectMethodsByGroup() took 0 ms.
11:28:39.843 [main] INFO  org.testng.internal.Utils - [Utils] MethodGroupsHelper.sortMethods() took 0 ms.
11:28:39.846 [main] INFO  org.testng.internal.Utils - [Utils] MethodGroupsHelper.collectMethodsByGroup() took 0 ms.
11:28:39.847 [main] INFO  org.testng.internal.Utils - [Utils] MethodGroupsHelper.sortMethods() took 0 ms.
11:28:39.847 [main] INFO  org.testng.internal.Utils - [Utils] MethodGroupsHelper.collectMethodsByGroup() took 0 ms.
11:28:39.847 [main] INFO  org.testng.internal.Utils - [Utils] MethodGroupsHelper.sortMethods() took 0 ms.
11:28:39.866 [main] INFO  org.testng.internal.Utils - [TestNG] Running:
  C:\Users\Gowtham\AppData\Local\Temp\testng-eclipse-1859466886\testng-customsuite.xml

11:28:39.917 [main] INFO  org.testng.internal.Utils - [Utils] DynamicGraphHelper.createDynamicGraph() took 11 ms.
11:28:40.875 [main] INFO  org.testng.internal.Utils - [TestNG] Time taken by org.testng.reporters.jq.Main@42257bdd: 359 ms
11:28:40.925 [main] INFO  org.testng.internal.Utils - [TestNG] Time taken by org.testng.reporters.FailedReporter@77cf3f8b: 49 ms
11:28:40.953 [main] INFO  org.testng.internal.Utils - [TestNG] Time taken by org.testng.reporters.XMLReporter@411341bd: 28 ms
11:28:40.983 [main] INFO  org.testng.internal.Utils - [TestNG] Time taken by org.testng.reporters.EmailableReporter2@4d411036: 30 ms
11:28:40.998 [main] INFO  org.testng.internal.Utils - [TestNG] Time taken by org.testng.reporters.JUnitReportReporter@352c308: 15 ms
11:28:40.998 [main] INFO  org.testng.internal.Utils - [TestNG] Time taken by org.testng.internal.ExitCodeListener@7d373bcf: 0 ms
11:29:43.401 [main] DEBUG org.testng.TestNG - suiteXmlPath: "C:\Users\Gowtham\eclipse-workspace\OpenkartV121\testng.xml"
11:29:43.442 [main] WARN  org.testng.xml.TestNGContentHandler - It is strongly recommended to add "<!DOCTYPE suite SYSTEM "https://testng.org/testng-1.1.dtd" >" at the top of the suite file [C:\Users\Gowtham\eclipse-workspace\OpenkartV121\testng.xml] otherwise TestNG may fail or not work as expected.
11:29:44.286 [main] INFO  org.testng.internal.Utils - [TestNG] Running:
  C:\Users\Gowtham\eclipse-workspace\OpenkartV121\testng.xml

11:30:13.876 [main] INFO  testCases.TC_AccountRegistrationTest - ***** Starting TC_AccountRegistrationTest *********
11:30:14.809 [main] INFO  testCases.TC_AccountRegistrationTest - Clicked on MyAccount link ........
11:30:15.501 [main] INFO  testCases.TC_AccountRegistrationTest - Clicked on Register link .......
11:30:15.504 [main] INFO  testCases.TC_AccountRegistrationTest - Providing customer detail .....
11:30:17.830 [main] INFO  testCases.TC_AccountRegistrationTest - Validating expected message
11:30:18.020 [main] INFO  testCases.TC_AccountRegistrationTest - Logs are Finished..... 
14:02:50.050 [main] DEBUG org.testng.TestNG - suiteXmlPath: "C:\Users\Gowtham\eclipse-workspace\OpenkartV121\grouping.xml"
14:02:50.105 [main] WARN  org.testng.xml.TestNGContentHandler - It is strongly recommended to add "<!DOCTYPE suite SYSTEM "https://testng.org/testng-1.1.dtd" >" at the top of the suite file [C:\Users\Gowtham\eclipse-workspace\OpenkartV121\grouping.xml] otherwise TestNG may fail or not work as expected.
14:02:51.159 [main] INFO  org.testng.internal.Utils - [TestNG] Running:
  C:\Users\Gowtham\eclipse-workspace\OpenkartV121\grouping.xml

14:03:02.086 [main] INFO  testCases.TC_AccountRegistrationTest - ***** Starting TC_AccountRegistrationTest *********
14:03:02.817 [main] INFO  testCases.TC_AccountRegistrationTest - Clicked on MyAccount link ........
14:03:04.434 [main] INFO  testCases.TC_AccountRegistrationTest - Clicked on Register link .......
14:03:04.440 [main] INFO  testCases.TC_AccountRegistrationTest - Providing customer detail .....
14:03:07.610 [main] INFO  testCases.TC_AccountRegistrationTest - Validating expected message
14:03:07.775 [main] INFO  testCases.TC_AccountRegistrationTest - Logs are Finished..... 
14:03:15.665 [main] INFO  testCases.TC002_LoginTest - ******* Started TC002_LoginTest ***** 
14:03:19.660 [main] INFO  testCases.TC002_LoginTest - ******* Finished TC002_LoginTest ***** 
14:06:25.430 [main] DEBUG org.testng.TestNG - suiteXmlPath: "C:\Users\Gowtham\eclipse-workspace\OpenkartV121\grouping.xml"
14:06:25.480 [main] WARN  org.testng.xml.TestNGContentHandler - It is strongly recommended to add "<!DOCTYPE suite SYSTEM "https://testng.org/testng-1.1.dtd" >" at the top of the suite file [C:\Users\Gowtham\eclipse-workspace\OpenkartV121\grouping.xml] otherwise TestNG may fail or not work as expected.
14:06:26.361 [main] INFO  org.testng.internal.Utils - [TestNG] Running:
  C:\Users\Gowtham\eclipse-workspace\OpenkartV121\grouping.xml

14:06:31.543 [main] INFO  testCases.TC_AccountRegistrationTest - ***** Starting TC_AccountRegistrationTest *********
14:06:32.600 [main] INFO  testCases.TC_AccountRegistrationTest - Clicked on MyAccount link ........
14:06:33.361 [main] INFO  testCases.TC_AccountRegistrationTest - Clicked on Register link .......
14:06:33.366 [main] INFO  testCases.TC_AccountRegistrationTest - Providing customer detail .....
14:06:35.679 [main] INFO  testCases.TC_AccountRegistrationTest - Validating expected message
14:06:35.808 [main] INFO  testCases.TC_AccountRegistrationTest - Logs are Finished..... 
14:06:39.732 [main] INFO  testCases.TC002_LoginTest - ******* Started TC002_LoginTest ***** 
14:06:42.570 [main] INFO  testCases.TC002_LoginTest - ******* Finished TC002_LoginTest ***** 
14:29:08.411 [main] DEBUG org.testng.TestNG - suiteXmlPath: "C:\Users\Gowtham\eclipse-workspace\OpenkartV121\grouping.xml"
14:29:08.468 [main] WARN  org.testng.xml.TestNGContentHandler - It is strongly recommended to add "<!DOCTYPE suite SYSTEM "https://testng.org/testng-1.1.dtd" >" at the top of the suite file [C:\Users\Gowtham\eclipse-workspace\OpenkartV121\grouping.xml] otherwise TestNG may fail or not work as expected.
14:29:09.350 [main] INFO  org.testng.internal.Utils - [TestNG] Running:
  C:\Users\Gowtham\eclipse-workspace\OpenkartV121\grouping.xml

14:29:16.668 [main] INFO  testCases.TC_AccountRegistrationTest - ***** Starting TC_AccountRegistrationTest *********
14:29:17.758 [main] INFO  testCases.TC_AccountRegistrationTest - Clicked on MyAccount link ........
14:29:18.736 [main] INFO  testCases.TC_AccountRegistrationTest - Clicked on Register link .......
14:29:18.740 [main] INFO  testCases.TC_AccountRegistrationTest - Providing customer detail .....
14:29:21.202 [main] INFO  testCases.TC_AccountRegistrationTest - Validating expected message
14:29:21.321 [main] INFO  testCases.TC_AccountRegistrationTest - Logs are Finished..... 
14:29:25.749 [main] INFO  testCases.TC002_LoginTest - ******* Started TC002_LoginTest ***** 
14:29:27.841 [main] INFO  testCases.TC002_LoginTest - ******* Finished TC002_LoginTest ***** 
14:33:19.717 [main] DEBUG org.testng.TestNG - suiteXmlPath: "C:\Users\Gowtham\eclipse-workspace\OpenkartV121\grouping.xml"
14:33:19.761 [main] WARN  org.testng.xml.TestNGContentHandler - It is strongly recommended to add "<!DOCTYPE suite SYSTEM "https://testng.org/testng-1.1.dtd" >" at the top of the suite file [C:\Users\Gowtham\eclipse-workspace\OpenkartV121\grouping.xml] otherwise TestNG may fail or not work as expected.
14:33:20.619 [main] INFO  org.testng.internal.Utils - [TestNG] Running:
  C:\Users\Gowtham\eclipse-workspace\OpenkartV121\grouping.xml

14:33:25.927 [main] INFO  testCases.TC_AccountRegistrationTest - ***** Starting TC_AccountRegistrationTest *********
14:33:26.826 [main] INFO  testCases.TC_AccountRegistrationTest - Clicked on MyAccount link ........
14:33:27.461 [main] INFO  testCases.TC_AccountRegistrationTest - Clicked on Register link .......
14:33:27.464 [main] INFO  testCases.TC_AccountRegistrationTest - Providing customer detail .....
14:33:29.962 [main] INFO  testCases.TC_AccountRegistrationTest - Validating expected message
14:33:30.055 [main] INFO  testCases.TC_AccountRegistrationTest - Logs are Finished..... 
14:33:34.535 [main] INFO  testCases.TC002_LoginTest - ******* Started TC002_LoginTest ***** 
14:33:37.206 [main] INFO  testCases.TC002_LoginTest - ******* Finished TC002_LoginTest ***** 
14:38:57.913 [main] DEBUG org.testng.TestNG - suiteXmlPath: "C:\Users\Gowtham\eclipse-workspace\OpenkartV121\grouping.xml"
14:38:57.952 [main] WARN  org.testng.xml.TestNGContentHandler - It is strongly recommended to add "<!DOCTYPE suite SYSTEM "https://testng.org/testng-1.1.dtd" >" at the top of the suite file [C:\Users\Gowtham\eclipse-workspace\OpenkartV121\grouping.xml] otherwise TestNG may fail or not work as expected.
14:38:59.107 [main] INFO  org.testng.internal.Utils - [TestNG] Running:
  C:\Users\Gowtham\eclipse-workspace\OpenkartV121\grouping.xml

14:39:06.041 [main] INFO  testCases.TC_AccountRegistrationTest - ***** Starting TC_AccountRegistrationTest *********
14:39:06.907 [main] INFO  testCases.TC_AccountRegistrationTest - Clicked on MyAccount link ........
14:39:07.850 [main] INFO  testCases.TC_AccountRegistrationTest - Clicked on Register link .......
14:39:07.853 [main] INFO  testCases.TC_AccountRegistrationTest - Providing customer detail .....
14:39:09.390 [main] INFO  testCases.TC_AccountRegistrationTest - Validating expected message
14:39:10.095 [main] INFO  testCases.TC_AccountRegistrationTest - Logs are Finished..... 
14:39:14.370 [main] INFO  testCases.TC002_LoginTest - ******* Started TC002_LoginTest ***** 
14:39:17.006 [main] INFO  testCases.TC002_LoginTest - ******* Finished TC002_LoginTest ***** 
